<?xml version="1.0" encoding="UTF-8"?>
<testsuite xmlns:xsi="http://www.w3.org/2001/XMLSchema-instance" xsi:noNamespaceSchemaLocation="https://maven.apache.org/surefire/maven-surefire-plugin/xsd/surefire-test-report-3.0.xsd" version="3.0" name="TestSuite" time="259.738" tests="6" errors="0" skipped="0" failures="1">
  <properties>
    <property name="java.specification.version" value="21"/>
    <property name="sun.cpu.isalist" value="amd64"/>
    <property name="sun.jnu.encoding" value="Cp1252"/>
    <property name="testng.Skipped" value="0"/>
    <property name="java.class.path" value="C:\Users\Admin\eclipse-workspace\Magento-CapstoneProject\target\test-classes;C:\Users\Admin\eclipse-workspace\Magento-CapstoneProject\target\classes;C:\Users\Admin\.m2\repository\org\seleniumhq\selenium\selenium-java\4.19.1\selenium-java-4.19.1.jar;C:\Users\Admin\.m2\repository\org\seleniumhq\selenium\selenium-api\4.19.1\selenium-api-4.19.1.jar;C:\Users\Admin\.m2\repository\org\seleniumhq\selenium\selenium-chrome-driver\4.19.1\selenium-chrome-driver-4.19.1.jar;C:\Users\Admin\.m2\repository\com\google\auto\service\auto-service-annotations\1.1.1\auto-service-annotations-1.1.1.jar;C:\Users\Admin\.m2\repository\org\seleniumhq\selenium\selenium-chromium-driver\4.19.1\selenium-chromium-driver-4.19.1.jar;C:\Users\Admin\.m2\repository\org\seleniumhq\selenium\selenium-json\4.19.1\selenium-json-4.19.1.jar;C:\Users\Admin\.m2\repository\org\seleniumhq\selenium\selenium-manager\4.19.1\selenium-manager-4.19.1.jar;C:\Users\Admin\.m2\repository\org\seleniumhq\selenium\selenium-devtools-v121\4.19.1\selenium-devtools-v121-4.19.1.jar;C:\Users\Admin\.m2\repository\org\seleniumhq\selenium\selenium-devtools-v122\4.19.1\selenium-devtools-v122-4.19.1.jar;C:\Users\Admin\.m2\repository\org\seleniumhq\selenium\selenium-devtools-v123\4.19.1\selenium-devtools-v123-4.19.1.jar;C:\Users\Admin\.m2\repository\org\seleniumhq\selenium\selenium-devtools-v85\4.19.1\selenium-devtools-v85-4.19.1.jar;C:\Users\Admin\.m2\repository\org\seleniumhq\selenium\selenium-edge-driver\4.19.1\selenium-edge-driver-4.19.1.jar;C:\Users\Admin\.m2\repository\org\seleniumhq\selenium\selenium-firefox-driver\4.19.1\selenium-firefox-driver-4.19.1.jar;C:\Users\Admin\.m2\repository\org\seleniumhq\selenium\selenium-http\4.19.1\selenium-http-4.19.1.jar;C:\Users\Admin\.m2\repository\dev\failsafe\failsafe\3.3.2\failsafe-3.3.2.jar;C:\Users\Admin\.m2\repository\org\seleniumhq\selenium\selenium-ie-driver\4.19.1\selenium-ie-driver-4.19.1.jar;C:\Users\Admin\.m2\repository\org\seleniumhq\selenium\selenium-remote-driver\4.19.1\selenium-remote-driver-4.19.1.jar;C:\Users\Admin\.m2\repository\io\opentelemetry\semconv\opentelemetry-semconv\1.23.1-alpha\opentelemetry-semconv-1.23.1-alpha.jar;C:\Users\Admin\.m2\repository\io\opentelemetry\opentelemetry-api\1.36.0\opentelemetry-api-1.36.0.jar;C:\Users\Admin\.m2\repository\io\opentelemetry\opentelemetry-context\1.36.0\opentelemetry-context-1.36.0.jar;C:\Users\Admin\.m2\repository\io\opentelemetry\opentelemetry-exporter-logging\1.36.0\opentelemetry-exporter-logging-1.36.0.jar;C:\Users\Admin\.m2\repository\io\opentelemetry\opentelemetry-sdk-common\1.36.0\opentelemetry-sdk-common-1.36.0.jar;C:\Users\Admin\.m2\repository\io\opentelemetry\opentelemetry-sdk-extension-autoconfigure-spi\1.36.0\opentelemetry-sdk-extension-autoconfigure-spi-1.36.0.jar;C:\Users\Admin\.m2\repository\io\opentelemetry\opentelemetry-sdk-extension-autoconfigure\1.36.0\opentelemetry-sdk-extension-autoconfigure-1.36.0.jar;C:\Users\Admin\.m2\repository\io\opentelemetry\opentelemetry-api-events\1.36.0-alpha\opentelemetry-api-events-1.36.0-alpha.jar;C:\Users\Admin\.m2\repository\io\opentelemetry\opentelemetry-sdk-trace\1.36.0\opentelemetry-sdk-trace-1.36.0.jar;C:\Users\Admin\.m2\repository\io\opentelemetry\opentelemetry-extension-incubator\1.36.0-alpha\opentelemetry-extension-incubator-1.36.0-alpha.jar;C:\Users\Admin\.m2\repository\io\opentelemetry\opentelemetry-sdk\1.36.0\opentelemetry-sdk-1.36.0.jar;C:\Users\Admin\.m2\repository\io\opentelemetry\opentelemetry-sdk-metrics\1.36.0\opentelemetry-sdk-metrics-1.36.0.jar;C:\Users\Admin\.m2\repository\io\opentelemetry\opentelemetry-sdk-logs\1.36.0\opentelemetry-sdk-logs-1.36.0.jar;C:\Users\Admin\.m2\repository\net\bytebuddy\byte-buddy\1.14.12\byte-buddy-1.14.12.jar;C:\Users\Admin\.m2\repository\org\seleniumhq\selenium\selenium-os\4.19.1\selenium-os-4.19.1.jar;C:\Users\Admin\.m2\repository\org\apache\commons\commons-exec\1.3\commons-exec-1.3.jar;C:\Users\Admin\.m2\repository\org\seleniumhq\selenium\selenium-safari-driver\4.19.1\selenium-safari-driver-4.19.1.jar;C:\Users\Admin\.m2\repository\org\seleniumhq\selenium\selenium-support\4.19.1\selenium-support-4.19.1.jar;C:\Users\Admin\.m2\repository\org\testng\testng\7.10.0\testng-7.10.0.jar;C:\Users\Admin\.m2\repository\org\slf4j\slf4j-api\1.7.36\slf4j-api-1.7.36.jar;C:\Users\Admin\.m2\repository\com\beust\jcommander\1.82\jcommander-1.82.jar;C:\Users\Admin\.m2\repository\org\webjars\jquery\3.7.1\jquery-3.7.1.jar;C:\Users\Admin\.m2\repository\org\apache\poi\poi\5.4.0\poi-5.4.0.jar;C:\Users\Admin\.m2\repository\commons-codec\commons-codec\1.17.1\commons-codec-1.17.1.jar;C:\Users\Admin\.m2\repository\org\apache\commons\commons-collections4\4.4\commons-collections4-4.4.jar;C:\Users\Admin\.m2\repository\org\apache\commons\commons-math3\3.6.1\commons-math3-3.6.1.jar;C:\Users\Admin\.m2\repository\commons-io\commons-io\2.18.0\commons-io-2.18.0.jar;C:\Users\Admin\.m2\repository\com\zaxxer\SparseBitSet\1.3\SparseBitSet-1.3.jar;C:\Users\Admin\.m2\repository\org\apache\poi\poi-ooxml\5.2.3\poi-ooxml-5.2.3.jar;C:\Users\Admin\.m2\repository\org\apache\poi\poi-ooxml-lite\5.2.3\poi-ooxml-lite-5.2.3.jar;C:\Users\Admin\.m2\repository\org\apache\xmlbeans\xmlbeans\5.1.1\xmlbeans-5.1.1.jar;C:\Users\Admin\.m2\repository\org\apache\commons\commons-compress\1.21\commons-compress-1.21.jar;C:\Users\Admin\.m2\repository\com\github\virtuald\curvesapi\1.07\curvesapi-1.07.jar;C:\Users\Admin\.m2\repository\org\apache\logging\log4j\log4j-api\2.20.0\log4j-api-2.20.0.jar;C:\Users\Admin\.m2\repository\org\apache\logging\log4j\log4j-core\2.20.0\log4j-core-2.20.0.jar;C:\Users\Admin\.m2\repository\com\github\sdrss\reportng\2.7.0\reportng-2.7.0.jar;C:\Users\Admin\.m2\repository\velocity\velocity\1.5\velocity-1.5.jar;C:\Users\Admin\.m2\repository\commons-collections\commons-collections\3.1\commons-collections-3.1.jar;C:\Users\Admin\.m2\repository\commons-lang\commons-lang\2.1\commons-lang-2.1.jar;C:\Users\Admin\.m2\repository\oro\oro\2.0.8\oro-2.0.8.jar;C:\Users\Admin\.m2\repository\com\fasterxml\jackson\core\jackson-core\2.10.1\jackson-core-2.10.1.jar;C:\Users\Admin\.m2\repository\com\fasterxml\jackson\core\jackson-databind\2.12.7.1\jackson-databind-2.12.7.1.jar;C:\Users\Admin\.m2\repository\com\fasterxml\jackson\core\jackson-annotations\2.10.1\jackson-annotations-2.10.1.jar;C:\Users\Admin\.m2\repository\com\google\inject\guice\7.0.0\guice-7.0.0.jar;C:\Users\Admin\.m2\repository\jakarta\inject\jakarta.inject-api\2.0.1\jakarta.inject-api-2.0.1.jar;C:\Users\Admin\.m2\repository\aopalliance\aopalliance\1.0\aopalliance-1.0.jar;C:\Users\Admin\.m2\repository\com\google\guava\guava\31.0.1-jre\guava-31.0.1-jre.jar;C:\Users\Admin\.m2\repository\com\google\guava\failureaccess\1.0.1\failureaccess-1.0.1.jar;C:\Users\Admin\.m2\repository\com\google\guava\listenablefuture\9999.0-empty-to-avoid-conflict-with-guava\listenablefuture-9999.0-empty-to-avoid-conflict-with-guava.jar;C:\Users\Admin\.m2\repository\com\google\code\findbugs\jsr305\3.0.2\jsr305-3.0.2.jar;C:\Users\Admin\.m2\repository\org\checkerframework\checker-qual\3.12.0\checker-qual-3.12.0.jar;C:\Users\Admin\.m2\repository\com\google\errorprone\error_prone_annotations\2.7.1\error_prone_annotations-2.7.1.jar;C:\Users\Admin\.m2\repository\com\google\j2objc\j2objc-annotations\1.3\j2objc-annotations-1.3.jar;C:\Users\Admin\.m2\repository\com\aventstack\extentreports\5.1.2\extentreports-5.1.2.jar;C:\Users\Admin\.m2\repository\io\reactivex\rxjava3\rxjava\3.1.6\rxjava-3.1.6.jar;C:\Users\Admin\.m2\repository\org\reactivestreams\reactive-streams\1.0.4\reactive-streams-1.0.4.jar;C:\Users\Admin\.m2\repository\org\freemarker\freemarker\2.3.32\freemarker-2.3.32.jar;C:\Users\Admin\.m2\repository\org\projectlombok\lombok\1.18.26\lombok-1.18.26.jar;C:\Users\Admin\.m2\repository\com\google\code\gson\gson\2.10.1\gson-2.10.1.jar;C:\Users\Admin\.m2\repository\io\qameta\allure\allure-testng\2.29.1\allure-testng-2.29.1.jar;C:\Users\Admin\.m2\repository\io\qameta\allure\allure-java-commons\2.29.1\allure-java-commons-2.29.1.jar;C:\Users\Admin\.m2\repository\io\qameta\allure\allure-model\2.29.1\allure-model-2.29.1.jar;C:\Users\Admin\.m2\repository\io\qameta\allure\allure-test-filter\2.29.1\allure-test-filter-2.29.1.jar;C:\Users\Admin\.m2\repository\io\cucumber\cucumber-java\7.21.1\cucumber-java-7.21.1.jar;C:\Users\Admin\.m2\repository\org\apiguardian\apiguardian-api\1.1.2\apiguardian-api-1.1.2.jar;C:\Users\Admin\.m2\repository\io\cucumber\cucumber-picocontainer\7.21.1\cucumber-picocontainer-7.21.1.jar;C:\Users\Admin\.m2\repository\org\picocontainer\picocontainer\2.15\picocontainer-2.15.jar;C:\Users\Admin\.m2\repository\io\cucumber\cucumber-core\7.21.1\cucumber-core-7.21.1.jar;C:\Users\Admin\.m2\repository\io\cucumber\cucumber-gherkin\7.21.1\cucumber-gherkin-7.21.1.jar;C:\Users\Admin\.m2\repository\io\cucumber\cucumber-gherkin-messages\7.21.1\cucumber-gherkin-messages-7.21.1.jar;C:\Users\Admin\.m2\repository\io\cucumber\messages\27.2.0\messages-27.2.0.jar;C:\Users\Admin\.m2\repository\io\cucumber\testng-xml-formatter\0.3.1\testng-xml-formatter-0.3.1.jar;C:\Users\Admin\.m2\repository\io\cucumber\query\13.2.0\query-13.2.0.jar;C:\Users\Admin\.m2\repository\io\cucumber\tag-expressions\6.1.2\tag-expressions-6.1.2.jar;C:\Users\Admin\.m2\repository\io\cucumber\cucumber-expressions\18.0.1\cucumber-expressions-18.0.1.jar;C:\Users\Admin\.m2\repository\io\cucumber\datatable\7.21.1\datatable-7.21.1.jar;C:\Users\Admin\.m2\repository\io\cucumber\cucumber-plugin\7.21.1\cucumber-plugin-7.21.1.jar;C:\Users\Admin\.m2\repository\io\cucumber\docstring\7.21.1\docstring-7.21.1.jar;C:\Users\Admin\.m2\repository\io\cucumber\html-formatter\21.9.0\html-formatter-21.9.0.jar;C:\Users\Admin\.m2\repository\io\cucumber\junit-xml-formatter\0.7.1\junit-xml-formatter-0.7.1.jar;C:\Users\Admin\.m2\repository\io\cucumber\ci-environment\10.0.1\ci-environment-10.0.1.jar;C:\Users\Admin\.m2\repository\io\cucumber\cucumber-testng\7.21.1\cucumber-testng-7.21.1.jar;C:\Users\Admin\.m2\repository\io\cucumber\gherkin\32.0.0\gherkin-32.0.0.jar;"/>
    <property name="java.vm.vendor" value="Oracle Corporation"/>
    <property name="sun.arch.data.model" value="64"/>
    <property name="user.variant" value=""/>
    <property name="java.vendor.url" value="https://java.oracle.com/"/>
    <property name="user.timezone" value="Asia/Calcutta"/>
    <property name="os.name" value="Windows 10"/>
    <property name="java.vm.specification.version" value="21"/>
    <property name="sun.java.launcher" value="SUN_STANDARD"/>
    <property name="user.country" value="IN"/>
    <property name="sun.boot.library.path" value="C:\Program Files\Java\jdk-21\bin"/>
    <property name="sun.java.command" value="C:\Users\Admin\AppData\Local\Temp\surefire17243919346217520106\surefirebooter8854912036943592097.jar C:\Users\Admin\AppData\Local\Temp\surefire17243919346217520106 2025-03-24T13-45-16_806-jvmRun1 surefire2189541830512637398tmp surefire_017205722805739497702tmp"/>
    <property name="jdk.debug" value="release"/>
    <property name="surefire.test.class.path" value="C:\Users\Admin\eclipse-workspace\Magento-CapstoneProject\target\test-classes;C:\Users\Admin\eclipse-workspace\Magento-CapstoneProject\target\classes;C:\Users\Admin\.m2\repository\org\seleniumhq\selenium\selenium-java\4.19.1\selenium-java-4.19.1.jar;C:\Users\Admin\.m2\repository\org\seleniumhq\selenium\selenium-api\4.19.1\selenium-api-4.19.1.jar;C:\Users\Admin\.m2\repository\org\seleniumhq\selenium\selenium-chrome-driver\4.19.1\selenium-chrome-driver-4.19.1.jar;C:\Users\Admin\.m2\repository\com\google\auto\service\auto-service-annotations\1.1.1\auto-service-annotations-1.1.1.jar;C:\Users\Admin\.m2\repository\org\seleniumhq\selenium\selenium-chromium-driver\4.19.1\selenium-chromium-driver-4.19.1.jar;C:\Users\Admin\.m2\repository\org\seleniumhq\selenium\selenium-json\4.19.1\selenium-json-4.19.1.jar;C:\Users\Admin\.m2\repository\org\seleniumhq\selenium\selenium-manager\4.19.1\selenium-manager-4.19.1.jar;C:\Users\Admin\.m2\repository\org\seleniumhq\selenium\selenium-devtools-v121\4.19.1\selenium-devtools-v121-4.19.1.jar;C:\Users\Admin\.m2\repository\org\seleniumhq\selenium\selenium-devtools-v122\4.19.1\selenium-devtools-v122-4.19.1.jar;C:\Users\Admin\.m2\repository\org\seleniumhq\selenium\selenium-devtools-v123\4.19.1\selenium-devtools-v123-4.19.1.jar;C:\Users\Admin\.m2\repository\org\seleniumhq\selenium\selenium-devtools-v85\4.19.1\selenium-devtools-v85-4.19.1.jar;C:\Users\Admin\.m2\repository\org\seleniumhq\selenium\selenium-edge-driver\4.19.1\selenium-edge-driver-4.19.1.jar;C:\Users\Admin\.m2\repository\org\seleniumhq\selenium\selenium-firefox-driver\4.19.1\selenium-firefox-driver-4.19.1.jar;C:\Users\Admin\.m2\repository\org\seleniumhq\selenium\selenium-http\4.19.1\selenium-http-4.19.1.jar;C:\Users\Admin\.m2\repository\dev\failsafe\failsafe\3.3.2\failsafe-3.3.2.jar;C:\Users\Admin\.m2\repository\org\seleniumhq\selenium\selenium-ie-driver\4.19.1\selenium-ie-driver-4.19.1.jar;C:\Users\Admin\.m2\repository\org\seleniumhq\selenium\selenium-remote-driver\4.19.1\selenium-remote-driver-4.19.1.jar;C:\Users\Admin\.m2\repository\io\opentelemetry\semconv\opentelemetry-semconv\1.23.1-alpha\opentelemetry-semconv-1.23.1-alpha.jar;C:\Users\Admin\.m2\repository\io\opentelemetry\opentelemetry-api\1.36.0\opentelemetry-api-1.36.0.jar;C:\Users\Admin\.m2\repository\io\opentelemetry\opentelemetry-context\1.36.0\opentelemetry-context-1.36.0.jar;C:\Users\Admin\.m2\repository\io\opentelemetry\opentelemetry-exporter-logging\1.36.0\opentelemetry-exporter-logging-1.36.0.jar;C:\Users\Admin\.m2\repository\io\opentelemetry\opentelemetry-sdk-common\1.36.0\opentelemetry-sdk-common-1.36.0.jar;C:\Users\Admin\.m2\repository\io\opentelemetry\opentelemetry-sdk-extension-autoconfigure-spi\1.36.0\opentelemetry-sdk-extension-autoconfigure-spi-1.36.0.jar;C:\Users\Admin\.m2\repository\io\opentelemetry\opentelemetry-sdk-extension-autoconfigure\1.36.0\opentelemetry-sdk-extension-autoconfigure-1.36.0.jar;C:\Users\Admin\.m2\repository\io\opentelemetry\opentelemetry-api-events\1.36.0-alpha\opentelemetry-api-events-1.36.0-alpha.jar;C:\Users\Admin\.m2\repository\io\opentelemetry\opentelemetry-sdk-trace\1.36.0\opentelemetry-sdk-trace-1.36.0.jar;C:\Users\Admin\.m2\repository\io\opentelemetry\opentelemetry-extension-incubator\1.36.0-alpha\opentelemetry-extension-incubator-1.36.0-alpha.jar;C:\Users\Admin\.m2\repository\io\opentelemetry\opentelemetry-sdk\1.36.0\opentelemetry-sdk-1.36.0.jar;C:\Users\Admin\.m2\repository\io\opentelemetry\opentelemetry-sdk-metrics\1.36.0\opentelemetry-sdk-metrics-1.36.0.jar;C:\Users\Admin\.m2\repository\io\opentelemetry\opentelemetry-sdk-logs\1.36.0\opentelemetry-sdk-logs-1.36.0.jar;C:\Users\Admin\.m2\repository\net\bytebuddy\byte-buddy\1.14.12\byte-buddy-1.14.12.jar;C:\Users\Admin\.m2\repository\org\seleniumhq\selenium\selenium-os\4.19.1\selenium-os-4.19.1.jar;C:\Users\Admin\.m2\repository\org\apache\commons\commons-exec\1.3\commons-exec-1.3.jar;C:\Users\Admin\.m2\repository\org\seleniumhq\selenium\selenium-safari-driver\4.19.1\selenium-safari-driver-4.19.1.jar;C:\Users\Admin\.m2\repository\org\seleniumhq\selenium\selenium-support\4.19.1\selenium-support-4.19.1.jar;C:\Users\Admin\.m2\repository\org\testng\testng\7.10.0\testng-7.10.0.jar;C:\Users\Admin\.m2\repository\org\slf4j\slf4j-api\1.7.36\slf4j-api-1.7.36.jar;C:\Users\Admin\.m2\repository\com\beust\jcommander\1.82\jcommander-1.82.jar;C:\Users\Admin\.m2\repository\org\webjars\jquery\3.7.1\jquery-3.7.1.jar;C:\Users\Admin\.m2\repository\org\apache\poi\poi\5.4.0\poi-5.4.0.jar;C:\Users\Admin\.m2\repository\commons-codec\commons-codec\1.17.1\commons-codec-1.17.1.jar;C:\Users\Admin\.m2\repository\org\apache\commons\commons-collections4\4.4\commons-collections4-4.4.jar;C:\Users\Admin\.m2\repository\org\apache\commons\commons-math3\3.6.1\commons-math3-3.6.1.jar;C:\Users\Admin\.m2\repository\commons-io\commons-io\2.18.0\commons-io-2.18.0.jar;C:\Users\Admin\.m2\repository\com\zaxxer\SparseBitSet\1.3\SparseBitSet-1.3.jar;C:\Users\Admin\.m2\repository\org\apache\poi\poi-ooxml\5.2.3\poi-ooxml-5.2.3.jar;C:\Users\Admin\.m2\repository\org\apache\poi\poi-ooxml-lite\5.2.3\poi-ooxml-lite-5.2.3.jar;C:\Users\Admin\.m2\repository\org\apache\xmlbeans\xmlbeans\5.1.1\xmlbeans-5.1.1.jar;C:\Users\Admin\.m2\repository\org\apache\commons\commons-compress\1.21\commons-compress-1.21.jar;C:\Users\Admin\.m2\repository\com\github\virtuald\curvesapi\1.07\curvesapi-1.07.jar;C:\Users\Admin\.m2\repository\org\apache\logging\log4j\log4j-api\2.20.0\log4j-api-2.20.0.jar;C:\Users\Admin\.m2\repository\org\apache\logging\log4j\log4j-core\2.20.0\log4j-core-2.20.0.jar;C:\Users\Admin\.m2\repository\com\github\sdrss\reportng\2.7.0\reportng-2.7.0.jar;C:\Users\Admin\.m2\repository\velocity\velocity\1.5\velocity-1.5.jar;C:\Users\Admin\.m2\repository\commons-collections\commons-collections\3.1\commons-collections-3.1.jar;C:\Users\Admin\.m2\repository\commons-lang\commons-lang\2.1\commons-lang-2.1.jar;C:\Users\Admin\.m2\repository\oro\oro\2.0.8\oro-2.0.8.jar;C:\Users\Admin\.m2\repository\com\fasterxml\jackson\core\jackson-core\2.10.1\jackson-core-2.10.1.jar;C:\Users\Admin\.m2\repository\com\fasterxml\jackson\core\jackson-databind\2.12.7.1\jackson-databind-2.12.7.1.jar;C:\Users\Admin\.m2\repository\com\fasterxml\jackson\core\jackson-annotations\2.10.1\jackson-annotations-2.10.1.jar;C:\Users\Admin\.m2\repository\com\google\inject\guice\7.0.0\guice-7.0.0.jar;C:\Users\Admin\.m2\repository\jakarta\inject\jakarta.inject-api\2.0.1\jakarta.inject-api-2.0.1.jar;C:\Users\Admin\.m2\repository\aopalliance\aopalliance\1.0\aopalliance-1.0.jar;C:\Users\Admin\.m2\repository\com\google\guava\guava\31.0.1-jre\guava-31.0.1-jre.jar;C:\Users\Admin\.m2\repository\com\google\guava\failureaccess\1.0.1\failureaccess-1.0.1.jar;C:\Users\Admin\.m2\repository\com\google\guava\listenablefuture\9999.0-empty-to-avoid-conflict-with-guava\listenablefuture-9999.0-empty-to-avoid-conflict-with-guava.jar;C:\Users\Admin\.m2\repository\com\google\code\findbugs\jsr305\3.0.2\jsr305-3.0.2.jar;C:\Users\Admin\.m2\repository\org\checkerframework\checker-qual\3.12.0\checker-qual-3.12.0.jar;C:\Users\Admin\.m2\repository\com\google\errorprone\error_prone_annotations\2.7.1\error_prone_annotations-2.7.1.jar;C:\Users\Admin\.m2\repository\com\google\j2objc\j2objc-annotations\1.3\j2objc-annotations-1.3.jar;C:\Users\Admin\.m2\repository\com\aventstack\extentreports\5.1.2\extentreports-5.1.2.jar;C:\Users\Admin\.m2\repository\io\reactivex\rxjava3\rxjava\3.1.6\rxjava-3.1.6.jar;C:\Users\Admin\.m2\repository\org\reactivestreams\reactive-streams\1.0.4\reactive-streams-1.0.4.jar;C:\Users\Admin\.m2\repository\org\freemarker\freemarker\2.3.32\freemarker-2.3.32.jar;C:\Users\Admin\.m2\repository\org\projectlombok\lombok\1.18.26\lombok-1.18.26.jar;C:\Users\Admin\.m2\repository\com\google\code\gson\gson\2.10.1\gson-2.10.1.jar;C:\Users\Admin\.m2\repository\io\qameta\allure\allure-testng\2.29.1\allure-testng-2.29.1.jar;C:\Users\Admin\.m2\repository\io\qameta\allure\allure-java-commons\2.29.1\allure-java-commons-2.29.1.jar;C:\Users\Admin\.m2\repository\io\qameta\allure\allure-model\2.29.1\allure-model-2.29.1.jar;C:\Users\Admin\.m2\repository\io\qameta\allure\allure-test-filter\2.29.1\allure-test-filter-2.29.1.jar;C:\Users\Admin\.m2\repository\io\cucumber\cucumber-java\7.21.1\cucumber-java-7.21.1.jar;C:\Users\Admin\.m2\repository\org\apiguardian\apiguardian-api\1.1.2\apiguardian-api-1.1.2.jar;C:\Users\Admin\.m2\repository\io\cucumber\cucumber-picocontainer\7.21.1\cucumber-picocontainer-7.21.1.jar;C:\Users\Admin\.m2\repository\org\picocontainer\picocontainer\2.15\picocontainer-2.15.jar;C:\Users\Admin\.m2\repository\io\cucumber\cucumber-core\7.21.1\cucumber-core-7.21.1.jar;C:\Users\Admin\.m2\repository\io\cucumber\cucumber-gherkin\7.21.1\cucumber-gherkin-7.21.1.jar;C:\Users\Admin\.m2\repository\io\cucumber\cucumber-gherkin-messages\7.21.1\cucumber-gherkin-messages-7.21.1.jar;C:\Users\Admin\.m2\repository\io\cucumber\messages\27.2.0\messages-27.2.0.jar;C:\Users\Admin\.m2\repository\io\cucumber\testng-xml-formatter\0.3.1\testng-xml-formatter-0.3.1.jar;C:\Users\Admin\.m2\repository\io\cucumber\query\13.2.0\query-13.2.0.jar;C:\Users\Admin\.m2\repository\io\cucumber\tag-expressions\6.1.2\tag-expressions-6.1.2.jar;C:\Users\Admin\.m2\repository\io\cucumber\cucumber-expressions\18.0.1\cucumber-expressions-18.0.1.jar;C:\Users\Admin\.m2\repository\io\cucumber\datatable\7.21.1\datatable-7.21.1.jar;C:\Users\Admin\.m2\repository\io\cucumber\cucumber-plugin\7.21.1\cucumber-plugin-7.21.1.jar;C:\Users\Admin\.m2\repository\io\cucumber\docstring\7.21.1\docstring-7.21.1.jar;C:\Users\Admin\.m2\repository\io\cucumber\html-formatter\21.9.0\html-formatter-21.9.0.jar;C:\Users\Admin\.m2\repository\io\cucumber\junit-xml-formatter\0.7.1\junit-xml-formatter-0.7.1.jar;C:\Users\Admin\.m2\repository\io\cucumber\ci-environment\10.0.1\ci-environment-10.0.1.jar;C:\Users\Admin\.m2\repository\io\cucumber\cucumber-testng\7.21.1\cucumber-testng-7.21.1.jar;C:\Users\Admin\.m2\repository\io\cucumber\gherkin\32.0.0\gherkin-32.0.0.jar;"/>
    <property name="sun.cpu.endian" value="little"/>
    <property name="user.home" value="C:\Users\Admin"/>
    <property name="user.language" value="en"/>
    <property name="java.specification.vendor" value="Oracle Corporation"/>
    <property name="java.version.date" value="2024-10-15"/>
    <property name="java.home" value="C:\Program Files\Java\jdk-21"/>
    <property name="file.separator" value="\"/>
    <property name="basedir" value="C:\Users\Admin\eclipse-workspace\Magento-CapstoneProject"/>
    <property name="style.color" value="always"/>
    <property name="java.vm.compressedOopsMode" value="32-bit"/>
    <property name="line.separator" value="&#10;"/>
    <property name="testng.Failed" value="1"/>
    <property name="java.vm.specification.vendor" value="Oracle Corporation"/>
    <property name="java.specification.name" value="Java Platform API Specification"/>
    <property name="surefire.real.class.path" value="C:\Users\Admin\AppData\Local\Temp\surefire17243919346217520106\surefirebooter8854912036943592097.jar"/>
    <property name="user.script" value=""/>
    <property name="sun.management.compiler" value="HotSpot 64-Bit Tiered Compilers"/>
    <property name="java.runtime.version" value="21.0.5+9-LTS-239"/>
    <property name="user.name" value="Admin"/>
    <property name="stdout.encoding" value="Cp1252"/>
    <property name="path.separator" value=";"/>
    <property name="os.version" value="10.0"/>
    <property name="testng.KnownDefect" value="0"/>
    <property name="java.runtime.name" value="Java(TM) SE Runtime Environment"/>
    <property name="file.encoding" value="UTF-8"/>
    <property name="testng.Fixed" value="0"/>
    <property name="java.vm.name" value="Java HotSpot(TM) 64-Bit Server VM"/>
    <property name="localRepository" value="C:\Users\Admin\.m2\repository"/>
    <property name="java.vendor.url.bug" value="https://bugreport.java.com/bugreport/"/>
    <property name="java.io.tmpdir" value="C:\Users\Admin\AppData\Local\Temp\"/>
    <property name="java.version" value="21.0.5"/>
    <property name="user.dir" value="C:\Users\Admin\eclipse-workspace\Magento-CapstoneProject"/>
    <property name="os.arch" value="amd64"/>
    <property name="java.vm.specification.name" value="Java Virtual Machine Specification"/>
    <property name="sun.os.patch.level" value=""/>
    <property name="native.encoding" value="Cp1252"/>
    <property name="java.library.path" value="C:\Program Files\Java\jdk-21\bin;C:\Windows\Sun\Java\bin;C:\Windows\system32;C:\Windows;C:/Program Files/Java/jdk-21/bin/server;C:/Program Files/Java/jdk-21/bin;C:\Program Files\Common Files\Oracle\Java\javapath;C:\Windows\system32;C:\Windows;C:\Windows\System32\Wbem;C:\Windows\System32\WindowsPowerShell\v1.0\;C:\Windows\System32\OpenSSH\;D:\allure-2.33.0\allure-2.33.0\bin;C:\Program Files\Git\cmd;C:\Program Files\Java\jdk-21\bin;D:\maven\apache-maven-3.9.9;C:\Program Files\MySQL\MySQL Shell 8.0\bin\;C:\Users\Admin\AppData\Local\Microsoft\WindowsApps;;C:\Users\Admin\OneDrive\Desktop;;."/>
    <property name="java.vm.info" value="mixed mode, sharing"/>
    <property name="stderr.encoding" value="Cp1252"/>
    <property name="java.vendor" value="Oracle Corporation"/>
    <property name="java.vm.version" value="21.0.5+9-LTS-239"/>
    <property name="sun.io.unicode.encoding" value="UnicodeLittle"/>
    <property name="testng.Passed" value="5"/>
    <property name="java.class.version" value="65.0"/>
  </properties>
  <testcase name="runScenario[&quot;To Check User Registration with Valid and Invalid Data Handling&quot;, &quot;Unknown&quot;](1)" classname="com.Magento.TestRunner.MagentoRegistrationTestNGTestRunner" time="41.718">
    <failure message="no such element: Unable to locate element: {&quot;method&quot;:&quot;xpath&quot;,&quot;selector&quot;:&quot;//div[1]/div[2]/div/div/div&quot;}&#10;  (Session info: chrome=134.0.6998.118)&#10;For documentation on this error, please visit: https://www.selenium.dev/documentation/webdriver/troubleshooting/errors#no-such-element-exception&#10;Build info: version: &apos;4.19.1&apos;, revision: &apos;abe0ee07dc&apos;&#10;System info: os.name: &apos;Windows 10&apos;, os.arch: &apos;amd64&apos;, os.version: &apos;10.0&apos;, java.version: &apos;21.0.5&apos;&#10;Driver info: org.openqa.selenium.chrome.ChromeDriver&#10;Command: [bbc03803976842cd6ea395d6ce23cc6a, findElement {value=//div[1]/div[2]/div/div/div, using=xpath}]&#10;Capabilities {acceptInsecureCerts: false, browserName: chrome, browserVersion: 134.0.6998.118, chrome: {chromedriverVersion: 134.0.6998.165 (fd886e2cb29..., userDataDir: C:\Users\Admin\AppData\Loca...}, fedcm:accounts: true, goog:chromeOptions: {debuggerAddress: localhost:50276}, networkConnectionEnabled: false, pageLoadStrategy: normal, platformName: windows, proxy: Proxy(), se:cdp: ws://localhost:50276/devtoo..., se:cdpVersion: 134.0.6998.118, setWindowRect: true, strictFileInteractability: false, timeouts: {implicit: 0, pageLoad: 300000, script: 30000}, unhandledPromptBehavior: dismiss and notify, webauthn:extension:credBlob: true, webauthn:extension:largeBlob: true, webauthn:extension:minPinLength: true, webauthn:extension:prf: true, webauthn:virtualAuthenticators: true}&#10;Session ID: bbc03803976842cd6ea395d6ce23cc6a" type="org.openqa.selenium.NoSuchElementException"><![CDATA[org.openqa.selenium.NoSuchElementException: 
no such element: Unable to locate element: {"method":"xpath","selector":"//div[1]/div[2]/div/div/div"}
  (Session info: chrome=134.0.6998.118)
For documentation on this error, please visit: https://www.selenium.dev/documentation/webdriver/troubleshooting/errors#no-such-element-exception
Build info: version: '4.19.1', revision: 'abe0ee07dc'
System info: os.name: 'Windows 10', os.arch: 'amd64', os.version: '10.0', java.version: '21.0.5'
Driver info: org.openqa.selenium.chrome.ChromeDriver
Command: [bbc03803976842cd6ea395d6ce23cc6a, findElement {value=//div[1]/div[2]/div/div/div, using=xpath}]
Capabilities {acceptInsecureCerts: false, browserName: chrome, browserVersion: 134.0.6998.118, chrome: {chromedriverVersion: 134.0.6998.165 (fd886e2cb29..., userDataDir: C:\Users\Admin\AppData\Loca...}, fedcm:accounts: true, goog:chromeOptions: {debuggerAddress: localhost:50276}, networkConnectionEnabled: false, pageLoadStrategy: normal, platformName: windows, proxy: Proxy(), se:cdp: ws://localhost:50276/devtoo..., se:cdpVersion: 134.0.6998.118, setWindowRect: true, strictFileInteractability: false, timeouts: {implicit: 0, pageLoad: 300000, script: 30000}, unhandledPromptBehavior: dismiss and notify, webauthn:extension:credBlob: true, webauthn:extension:largeBlob: true, webauthn:extension:minPinLength: true, webauthn:extension:prf: true, webauthn:virtualAuthenticators: true}
Session ID: bbc03803976842cd6ea395d6ce23cc6a
]]></failure>
    <system-out><![CDATA[
Scenario Outline: To Check User Registration with Valid and Invalid Data Handling &amp#27;[90m# src/test/resources/com.Magento.Feature/Registration.feature:21&amp#27;[0m
  &amp#27;[32mGiven &amp#27;[0m&amp#27;[32mUser Opens the Browser&amp#27;[0m                                                    &amp#27;[90m# com.Magento.StepDefinition.UserRegistrationStepDefinition.user_opens_the_browser()&amp#27;[0m
  &amp#27;[32mAnd &amp#27;[0m&amp#27;[32mUser Navigates to the &amp#27;[0m&amp#27;[32m&amp#27;[1m"https://magento.softwaretestingboard.com/"&amp#27;[0m&amp#27;[32m Webpage&amp#27;[0m   &amp#27;[90m# com.Magento.StepDefinition.UserRegistrationStepDefinition.user_navigates_to_the_webpage(java.lang.String)&amp#27;[0m
  &amp#27;[32mThen &amp#27;[0m&amp#27;[32mUser Click the link Create an account&amp#27;[0m                                      &amp#27;[90m# com.Magento.StepDefinition.UserRegistrationStepDefinition.user_click_the_link_create_an_account()&amp#27;[0m
  &amp#27;[32mWhen &amp#27;[0m&amp#27;[32mUser Enter &amp#27;[0m&amp#27;[32m&amp#27;[1m'Aashritha'&amp#27;[0m&amp#27;[32m FirstName&amp#27;[0m                                           &amp#27;[90m# com.Magento.StepDefinition.UserRegistrationStepDefinition.user_enter_first_name(java.lang.String)&amp#27;[0m
  &amp#27;[32mWhen &amp#27;[0m&amp#27;[32mUser Enter &amp#27;[0m&amp#27;[32m&amp#27;[1m'Kappala'&amp#27;[0m&amp#27;[32m LastName&amp#27;[0m                                              &amp#27;[90m# com.Magento.StepDefinition.UserRegistrationStepDefinition.user_enter_last_name(java.lang.String)&amp#27;[0m
  &amp#27;[32mWhen &amp#27;[0m&amp#27;[32mUser Enter Invalid &amp#27;[0m&amp#27;[32m&amp#27;[1m'sreenivasaashritha402'&amp#27;[0m&amp#27;[32m Email&amp#27;[0m                           &amp#27;[90m# com.Magento.StepDefinition.UserRegistrationStepDefinition.user_enter_email(java.lang.String)&amp#27;[0m
  &amp#27;[32mWhen &amp#27;[0m&amp#27;[32mUser Enter &amp#27;[0m&amp#27;[32m&amp#27;[1m'Sweety2003'&amp#27;[0m&amp#27;[32m Password&amp#27;[0m                                           &amp#27;[90m# com.Magento.StepDefinition.UserRegistrationStepDefinition.user_enter_password(java.lang.String)&amp#27;[0m
  &amp#27;[32mWhen &amp#27;[0m&amp#27;[32mUser Enter &amp#27;[0m&amp#27;[32m&amp#27;[1m'Sweety2003'&amp#27;[0m&amp#27;[32m ConfirmPassword&amp#27;[0m                                    &amp#27;[90m# com.Magento.StepDefinition.UserRegistrationStepDefinition.user_enter_confirm_password(java.lang.String)&amp#27;[0m
  &amp#27;[32mThen &amp#27;[0m&amp#27;[32mUser Click on the button Create an Account&amp#27;[0m                                 &amp#27;[90m# com.Magento.StepDefinition.UserRegistrationStepDefinition.user_click_on_the_button_create_an_account()&amp#27;[0m
  &amp#27;[32mAnd &amp#27;[0m&amp#27;[32mUser Verify Error message apperaed&amp#27;[0m                                          &amp#27;[90m# com.Magento.StepDefinition.UserRegistrationStepDefinition.user_verify_error_message_apperaed()&amp#27;[0m
  &amp#27;[32mAnd &amp#27;[0m&amp#27;[32mUser reenters Valid &amp#27;[0m&amp#27;[32m&amp#27;[1m'sreenivasaashritha451@gmail.com'&amp#27;[0m&amp#27;[32m Email&amp#27;[0m                 &amp#27;[90m# com.Magento.StepDefinition.UserRegistrationStepDefinition.user_reenters_email(java.lang.String)&amp#27;[0m
  &amp#27;[32mThen &amp#27;[0m&amp#27;[32mUser Click on the button Create an Account&amp#27;[0m                                 &amp#27;[90m# com.Magento.StepDefinition.UserRegistrationStepDefinition.user_click_on_the_button_create_an_account()&amp#27;[0m
MyAccountPage-While checking Successfully Registered
  &amp#27;[31mThen &amp#27;[0m&amp#27;[31mUser Verify Successfully registered or not&amp#27;[0m                                 &amp#27;[90m# com.Magento.StepDefinition.UserRegistrationStepDefinition.user_verify_successfully_registered_or_not()&amp#27;[0m
      &amp#27;[31morg.openqa.selenium.NoSuchElementException: no such element: Unable to locate element: {"method":"xpath","selector":"//div[1]/div[2]/div/div/div"}
        (Session info: chrome=134.0.6998.118)
      For documentation on this error, please visit: https://www.selenium.dev/documentation/webdriver/troubleshooting/errors#no-such-element-exception
      Build info: version: '4.19.1', revision: 'abe0ee07dc'
      System info: os.name: 'Windows 10', os.arch: 'amd64', os.version: '10.0', java.version: '21.0.5'
      Driver info: org.openqa.selenium.chrome.ChromeDriver
      Command: [bbc03803976842cd6ea395d6ce23cc6a, findElement {value=//div[1]/div[2]/div/div/div, using=xpath}]
      Capabilities {acceptInsecureCerts: false, browserName: chrome, browserVersion: 134.0.6998.118, chrome: {chromedriverVersion: 134.0.6998.165 (fd886e2cb29..., userDataDir: C:\Users\Admin\AppData\Loca...}, fedcm:accounts: true, goog:chromeOptions: {debuggerAddress: localhost:50276}, networkConnectionEnabled: false, pageLoadStrategy: normal, platformName: windows, proxy: Proxy(), se:cdp: ws://localhost:50276/devtoo..., se:cdpVersion: 134.0.6998.118, setWindowRect: true, strictFileInteractability: false, timeouts: {implicit: 0, pageLoad: 300000, script: 30000}, unhandledPromptBehavior: dismiss and notify, webauthn:extension:credBlob: true, webauthn:extension:largeBlob: true, webauthn:extension:minPinLength: true, webauthn:extension:prf: true, webauthn:virtualAuthenticators: true}
      Session ID: bbc03803976842cd6ea395d6ce23cc6a
      	at java.base/jdk.internal.reflect.DirectConstructorHandleAccessor.newInstance(DirectConstructorHandleAccessor.java:62)
      	at java.base/java.lang.reflect.Constructor.newInstanceWithCaller(Constructor.java:502)
      	at java.base/java.lang.reflect.Constructor.newInstance(Constructor.java:486)
      	at org.openqa.selenium.remote.ErrorCodec.decode(ErrorCodec.java:167)
      	at org.openqa.selenium.remote.codec.w3c.W3CHttpResponseCodec.decode(W3CHttpResponseCodec.java:138)
      	at org.openqa.selenium.remote.codec.w3c.W3CHttpResponseCodec.decode(W3CHttpResponseCodec.java:50)
      	at org.openqa.selenium.remote.HttpCommandExecutor.execute(HttpCommandExecutor.java:190)
      	at org.openqa.selenium.remote.service.DriverCommandExecutor.invokeExecute(DriverCommandExecutor.java:216)
      	at org.openqa.selenium.remote.service.DriverCommandExecutor.execute(DriverCommandExecutor.java:174)
      	at org.openqa.selenium.remote.RemoteWebDriver.execute(RemoteWebDriver.java:518)
      	at org.openqa.selenium.remote.ElementLocation$ElementFinder$2.findElement(ElementLocation.java:165)
      	at org.openqa.selenium.remote.ElementLocation.findElement(ElementLocation.java:59)
      	at org.openqa.selenium.remote.RemoteWebDriver.findElement(RemoteWebDriver.java:355)
      	at org.openqa.selenium.remote.RemoteWebDriver.findElement(RemoteWebDriver.java:349)
      	at org.openqa.selenium.support.pagefactory.DefaultElementLocator.findElement(DefaultElementLocator.java:68)
      	at org.openqa.selenium.support.pagefactory.internal.LocatingElementHandler.invoke(LocatingElementHandler.java:38)
      	at jdk.proxy2/jdk.proxy2.$Proxy24.getText(Unknown Source)
      	at com.Magento.Pages.MyAccountPage.successfullyRegistered(MyAccountPage.java:28)
      	at com.Magento.StepDefinition.UserRegistrationStepDefinition.user_verify_successfully_registered_or_not(UserRegistrationStepDefinition.java:80)
      	at âœ½.User Verify Successfully registered or not(file:///C:/Users/Admin/eclipse-workspace/Magento-CapstoneProject/src/test/resources/com.Magento.Feature/Registration.feature:17)&amp#27;[0m
  &amp#27;[36mAnd &amp#27;[0m&amp#27;[36mUser Closes the browser&amp#27;[0m                                                     &amp#27;[90m# com.Magento.StepDefinition.UserRegistrationStepDefinition.user_closes_the_browser()&amp#27;[0m
]]></system-out>
    <system-err><![CDATA[SLF4J: Failed to load class "org.slf4j.impl.StaticLoggerBinder".
SLF4J: Defaulting to no-operation (NOP) logger implementation
SLF4J: See http://www.slf4j.org/codes.html#StaticLoggerBinder for further details.
Mar 24, 2025 1:45:20 PM org.openqa.selenium.devtools.CdpVersionFinder findNearestMatch
WARNING: Unable to find CDP implementation matching 134
Mar 24, 2025 1:45:20 PM org.openqa.selenium.chromium.ChromiumDriver lambda$new$5
WARNING: Unable to find version of CDP to use for 134.0.6998.118. You may need to include a dependency on a specific version of the CDP using something similar to `org.seleniumhq.selenium:selenium-devtools-v86:4.19.1` where the version ("v86") matches the version of the chromium-based browser you're using and the version number of the artifact is the same as Selenium's.
]]></system-err>
  </testcase>
  <testcase name="runScenario[&quot;Login with Valid &amp; Invalid Credentials&quot;, &quot;Unknown&quot;](1)" classname="com.Magento.TestRunner.MagentoSigninTestRunner" time="18.621">
    <system-out><![CDATA[
Scenario Outline: Login with Valid & Invalid Credentials                        &amp#27;[90m# src/test/resources/com.Magento.Feature/Signin.feature:17&amp#27;[0m
  &amp#27;[32mGiven &amp#27;[0m&amp#27;[32mUser Opens the Browser&amp#27;[0m                                                  &amp#27;[90m# com.Magento.StepDefinition.UserRegistrationStepDefinition.user_opens_the_browser()&amp#27;[0m
  &amp#27;[32mAnd &amp#27;[0m&amp#27;[32mUser Navigates to the &amp#27;[0m&amp#27;[32m&amp#27;[1m"https://magento.softwaretestingboard.com/"&amp#27;[0m&amp#27;[32m Webpage&amp#27;[0m &amp#27;[90m# com.Magento.StepDefinition.UserRegistrationStepDefinition.user_navigates_to_the_webpage(java.lang.String)&amp#27;[0m
  &amp#27;[32mAnd &amp#27;[0m&amp#27;[32mUser Click the link SignIn in homepage&amp#27;[0m                                    &amp#27;[90m# com.Magento.StepDefinition.SigninStepDefinition.user_click_the_link_sign_in_in_homepage()&amp#27;[0m
  &amp#27;[32mWhen &amp#27;[0m&amp#27;[32mUser Enter invalid &amp#27;[0m&amp#27;[32m&amp#27;[1m'sreenivas402'&amp#27;[0m&amp#27;[32m Email&amp#27;[0m                                  &amp#27;[90m# com.Magento.StepDefinition.SigninStepDefinition.user_enter_invalid_email(java.lang.String)&amp#27;[0m
  &amp#27;[32mWhen &amp#27;[0m&amp#27;[32mUser Enter Sign &amp#27;[0m&amp#27;[32m&amp#27;[1m'Sweety2003'&amp#27;[0m&amp#27;[32m Password&amp#27;[0m                                    &amp#27;[90m# com.Magento.StepDefinition.SigninStepDefinition.user_enter_sign_password(java.lang.String)&amp#27;[0m
  &amp#27;[32mAnd &amp#27;[0m&amp#27;[32mUser Clicks on Signin button&amp#27;[0m                                              &amp#27;[90m# com.Magento.StepDefinition.SigninStepDefinition.user_clicks_on_signin_button()&amp#27;[0m
  &amp#27;[32mAnd &amp#27;[0m&amp#27;[32mUser Verify Error Message is displayed&amp#27;[0m                                    &amp#27;[90m# com.Magento.StepDefinition.SigninStepDefinition.user_verify_error_message_is_displayed()&amp#27;[0m
  &amp#27;[32mAnd &amp#27;[0m&amp#27;[32mUser reenters valid &amp#27;[0m&amp#27;[32m&amp#27;[1m'sreenivasaashritha406@gmail.com'&amp#27;[0m&amp#27;[32m Email&amp#27;[0m               &amp#27;[90m# com.Magento.StepDefinition.SigninStepDefinition.user_reenters_valid_email(java.lang.String)&amp#27;[0m
  &amp#27;[32mAnd &amp#27;[0m&amp#27;[32mUser Clicks on Signin button&amp#27;[0m                                              &amp#27;[90m# com.Magento.StepDefinition.SigninStepDefinition.user_clicks_on_signin_button()&amp#27;[0m
  &amp#27;[32mAnd &amp#27;[0m&amp#27;[32mUser Verify that HomePage is displayed&amp#27;[0m                                    &amp#27;[90m# com.Magento.StepDefinition.SigninStepDefinition.user_verify_that_home_page_is_displayed()&amp#27;[0m
  &amp#27;[32mAnd &amp#27;[0m&amp#27;[32mUser Closes the Browser&amp#27;[0m                                                   &amp#27;[90m# com.Magento.StepDefinition.SigninStepDefinition.user_closes_the_browser()&amp#27;[0m
]]></system-out>
    <system-err><![CDATA[Mar 24, 2025 1:46:01 PM org.openqa.selenium.devtools.CdpVersionFinder findNearestMatch
WARNING: Unable to find CDP implementation matching 134
Mar 24, 2025 1:46:01 PM org.openqa.selenium.chromium.ChromiumDriver lambda$new$5
WARNING: Unable to find version of CDP to use for 134.0.6998.118. You may need to include a dependency on a specific version of the CDP using something similar to `org.seleniumhq.selenium:selenium-devtools-v86:4.19.1` where the version ("v86") matches the version of the chromium-based browser you're using and the version number of the artifact is the same as Selenium's.
]]></system-err>
  </testcase>
  <testcase name="runScenario[&quot;Logging Out and Verifying Session End&quot;, &quot;Unknown&quot;](1)" classname="com.Magento.TestRunner.MagentoLogoutTestRunner" time="16.98">
    <system-out><![CDATA[
Scenario Outline: Logging Out and Verifying Session End                             &amp#27;[90m# src/test/resources/com.Magento.Feature/Logout.feature:2&amp#27;[0m
  &amp#27;[32mGiven &amp#27;[0m&amp#27;[32mUser Opens the Browser&amp#27;[0m                                                      &amp#27;[90m# com.Magento.StepDefinition.UserRegistrationStepDefinition.user_opens_the_browser()&amp#27;[0m
  &amp#27;[32mAnd &amp#27;[0m&amp#27;[32mUser Navigates to the &amp#27;[0m&amp#27;[32m&amp#27;[1m"https://magento.softwaretestingboard.com/"&amp#27;[0m&amp#27;[32m Webpage&amp#27;[0m     &amp#27;[90m# com.Magento.StepDefinition.UserRegistrationStepDefinition.user_navigates_to_the_webpage(java.lang.String)&amp#27;[0m
  &amp#27;[32mAnd &amp#27;[0m&amp#27;[32mUser Click the link SignIn&amp#27;[0m                                                    &amp#27;[90m# com.Magento.StepDefinition.LogoutStepDefinition.user_click_the_link_sign_in()&amp#27;[0m
sreenivasaashritha406@gmail.com
Sweety2003
  &amp#27;[32mAnd &amp#27;[0m&amp#27;[32mUser Enter the required details to Login&amp#27;[0m                                      &amp#27;[90m# com.Magento.StepDefinition.LogoutStepDefinition.user_enter_the_required_details_to_login(io.cucumber.datatable.DataTable)&amp#27;[0m
    | SignIn Credentials.xlsx |
  &amp#27;[32mAnd &amp#27;[0m&amp#27;[32mUser Clicks on Signin button&amp#27;[0m                                                  &amp#27;[90m# com.Magento.StepDefinition.SigninStepDefinition.user_clicks_on_signin_button()&amp#27;[0m
  &amp#27;[32mAnd &amp#27;[0m&amp#27;[32mUser Click Logout from Home Page&amp#27;[0m                                              &amp#27;[90m# com.Magento.StepDefinition.LogoutStepDefinition.user_click_logout_from_home_page()&amp#27;[0m
  &amp#27;[32mAnd &amp#27;[0m&amp#27;[32mUser Verify that the session ends and the user is redirected to the homepage.&amp#27;[0m &amp#27;[90m# com.Magento.StepDefinition.LogoutStepDefinition.user_verify_that_the_session_ends_and_the_user_is_redirected_to_the_homepage()&amp#27;[0m
  &amp#27;[32mAnd &amp#27;[0m&amp#27;[32mUser Closes the Browser&amp#27;[0m                                                       &amp#27;[90m# com.Magento.StepDefinition.SigninStepDefinition.user_closes_the_browser()&amp#27;[0m
]]></system-out>
    <system-err><![CDATA[Mar 24, 2025 1:46:19 PM org.openqa.selenium.devtools.CdpVersionFinder findNearestMatch
WARNING: Unable to find CDP implementation matching 134
Mar 24, 2025 1:46:19 PM org.openqa.selenium.chromium.ChromiumDriver lambda$new$5
WARNING: Unable to find version of CDP to use for 134.0.6998.118. You may need to include a dependency on a specific version of the CDP using something similar to `org.seleniumhq.selenium:selenium-devtools-v86:4.19.1` where the version ("v86") matches the version of the chromium-based browser you're using and the version number of the artifact is the same as Selenium's.
]]></system-err>
  </testcase>
  <testcase name="runScenario[&quot;Login, Product Search and Add to Cart&quot;, &quot;Unknown&quot;](1)" classname="com.Magento.TestRunner.MagentoAddToCartTestRunner" time="91.052">
    <system-out><![CDATA[
Scenario Outline: Login, Product Search and Add to Cart                         &amp#27;[90m# src/test/resources/com.Magento.Feature/AddToCart.feature:19&amp#27;[0m
  &amp#27;[32mGiven &amp#27;[0m&amp#27;[32mUser Opens the Browser&amp#27;[0m                                                  &amp#27;[90m# com.Magento.StepDefinition.UserRegistrationStepDefinition.user_opens_the_browser()&amp#27;[0m
  &amp#27;[32mAnd &amp#27;[0m&amp#27;[32mUser Navigates to the &amp#27;[0m&amp#27;[32m&amp#27;[1m"https://magento.softwaretestingboard.com/"&amp#27;[0m&amp#27;[32m Webpage&amp#27;[0m &amp#27;[90m# com.Magento.StepDefinition.UserRegistrationStepDefinition.user_navigates_to_the_webpage(java.lang.String)&amp#27;[0m
  &amp#27;[32mAnd &amp#27;[0m&amp#27;[32mUser Click the link SignIn in homepage&amp#27;[0m                                    &amp#27;[90m# com.Magento.StepDefinition.SigninStepDefinition.user_click_the_link_sign_in_in_homepage()&amp#27;[0m
sreenivasaashritha406@gmail.com
Sweety2003
  &amp#27;[32mAnd &amp#27;[0m&amp#27;[32mUser Enter the required details to Login&amp#27;[0m                                  &amp#27;[90m# com.Magento.StepDefinition.LogoutStepDefinition.user_enter_the_required_details_to_login(io.cucumber.datatable.DataTable)&amp#27;[0m
    | SignIn Credentials.xlsx |
  &amp#27;[32mAnd &amp#27;[0m&amp#27;[32mUser Clicks on Signin button&amp#27;[0m                                              &amp#27;[90m# com.Magento.StepDefinition.SigninStepDefinition.user_clicks_on_signin_button()&amp#27;[0m
  &amp#27;[32mAnd &amp#27;[0m&amp#27;[32mUser Search for a &amp#27;[0m&amp#27;[32m&amp#27;[1m'Shirts'&amp#27;[0m&amp#27;[32m Product&amp#27;[0m                                        &amp#27;[90m# com.Magento.StepDefinition.AddToCartStepDefinition.user_search_for_a_product(java.lang.String)&amp#27;[0m
  &amp#27;[32mAnd &amp#27;[0m&amp#27;[32mUser Select autosuggestion &amp#27;[0m&amp#27;[32m&amp#27;[1m'men'&amp#27;[0m&amp#27;[32m from List displayed&amp#27;[0m                      &amp#27;[90m# com.Magento.StepDefinition.AddToCartStepDefinition.user_select_autosuggestion_from_list_displayed(java.lang.String)&amp#27;[0m
Inez Full Zip Jacket
  &amp#27;[32mAnd &amp#27;[0m&amp#27;[32mUser Select Product &amp#27;[0m&amp#27;[32m&amp#27;[1m'Jacket'&amp#27;[0m&amp#27;[32m in nextpage&amp#27;[0m                                  &amp#27;[90m# com.Magento.StepDefinition.AddToCartStepDefinition.user_select_product_in_nextpage(java.lang.String)&amp#27;[0m
S
Orange
2
  &amp#27;[32mAnd &amp#27;[0m&amp#27;[32mUser Selects the Size,Color,Quantity in Search result page&amp#27;[0m                &amp#27;[90m# com.Magento.StepDefinition.AddToCartStepDefinition.user_selects_the_size_color_quantity_in_search_result_page(io.cucumber.datatable.DataTable)&amp#27;[0m
    | ProductDetails.xlsx |
  &amp#27;[32mAnd &amp#27;[0m&amp#27;[32mUser Click on Add to Cart&amp#27;[0m                                                 &amp#27;[90m# com.Magento.StepDefinition.AddToCartStepDefinition.user_click_on_add_to_cart()&amp#27;[0m
  &amp#27;[32mAnd &amp#27;[0m&amp#27;[32mUser Verify that the product is added to the cart&amp#27;[0m                         &amp#27;[90m# com.Magento.StepDefinition.AddToCartStepDefinition.user_verify_that_the_product_is_added_to_the_cart()&amp#27;[0m
  &amp#27;[32mAnd &amp#27;[0m&amp#27;[32mUser Closes the Browser&amp#27;[0m                                                   &amp#27;[90m# com.Magento.StepDefinition.SigninStepDefinition.user_closes_the_browser()&amp#27;[0m
]]></system-out>
    <system-err><![CDATA[Mar 24, 2025 1:46:36 PM org.openqa.selenium.devtools.CdpVersionFinder findNearestMatch
WARNING: Unable to find CDP implementation matching 134
Mar 24, 2025 1:46:36 PM org.openqa.selenium.chromium.ChromiumDriver lambda$new$5
WARNING: Unable to find version of CDP to use for 134.0.6998.118. You may need to include a dependency on a specific version of the CDP using something similar to `org.seleniumhq.selenium:selenium-devtools-v86:4.19.1` where the version ("v86") matches the version of the chromium-based browser you're using and the version number of the artifact is the same as Selenium's.
]]></system-err>
  </testcase>
  <testcase name="runScenario[&quot;Adding Multiple Products to Cart &amp; Validating Cart Summary&quot;, &quot;Unknown&quot;](1)" classname="com.Magento.TestRunner.MagentoAddMultipleProductsTestRunner" time="60.882">
    <system-out><![CDATA[
Scenario Outline: Adding Multiple Products to Cart & Validating Cart Summary     &amp#27;[90m# src/test/resources/com.Magento.Feature/AddMultipleProducts.feature:32&amp#27;[0m
  &amp#27;[32mGiven &amp#27;[0m&amp#27;[32mUser Opens the Browser&amp#27;[0m                                                   &amp#27;[90m# com.Magento.StepDefinition.UserRegistrationStepDefinition.user_opens_the_browser()&amp#27;[0m
  &amp#27;[32mAnd &amp#27;[0m&amp#27;[32mUser Navigates to the &amp#27;[0m&amp#27;[32m&amp#27;[1m" https://magento.softwaretestingboard.com/"&amp#27;[0m&amp#27;[32m Webpage&amp#27;[0m &amp#27;[90m# com.Magento.StepDefinition.UserRegistrationStepDefinition.user_navigates_to_the_webpage(java.lang.String)&amp#27;[0m
  &amp#27;[32mAnd &amp#27;[0m&amp#27;[32mUser Click the link SignIn in homepage&amp#27;[0m                                     &amp#27;[90m# com.Magento.StepDefinition.SigninStepDefinition.user_click_the_link_sign_in_in_homepage()&amp#27;[0m
sreenivasaashritha406@gmail.com
Sweety2003
  &amp#27;[32mAnd &amp#27;[0m&amp#27;[32mUser Enter the required details to Login&amp#27;[0m                                   &amp#27;[90m# com.Magento.StepDefinition.LogoutStepDefinition.user_enter_the_required_details_to_login(io.cucumber.datatable.DataTable)&amp#27;[0m
    | SignIn Credentials.xlsx |
  &amp#27;[32mAnd &amp#27;[0m&amp#27;[32mUser Clicks on Signin button&amp#27;[0m                                               &amp#27;[90m# com.Magento.StepDefinition.SigninStepDefinition.user_clicks_on_signin_button()&amp#27;[0m
  &amp#27;[32mAnd &amp#27;[0m&amp#27;[32mUser Search for a &amp#27;[0m&amp#27;[32m&amp#27;[1m'men'&amp#27;[0m&amp#27;[32m Product&amp#27;[0m                                            &amp#27;[90m# com.Magento.StepDefinition.AddToCartStepDefinition.user_search_for_a_product(java.lang.String)&amp#27;[0m
  &amp#27;[32mAnd &amp#27;[0m&amp#27;[32mUser Select autosuggestion &amp#27;[0m&amp#27;[32m&amp#27;[1m'jacket'&amp#27;[0m&amp#27;[32m from List displayed&amp#27;[0m                    &amp#27;[90m# com.Magento.StepDefinition.AddToCartStepDefinition.user_select_autosuggestion_from_list_displayed(java.lang.String)&amp#27;[0m
Adrienne Trek Jacket
  &amp#27;[32mAnd &amp#27;[0m&amp#27;[32mUser Select Product &amp#27;[0m&amp#27;[32m&amp#27;[1m'Jacket'&amp#27;[0m&amp#27;[32m in nextpage&amp#27;[0m                                   &amp#27;[90m# com.Magento.StepDefinition.AddToCartStepDefinition.user_select_product_in_nextpage(java.lang.String)&amp#27;[0m
S
Orange
2
  &amp#27;[32mAnd &amp#27;[0m&amp#27;[32mUser Selects the Size,Color,Quantity in Search result page&amp#27;[0m                 &amp#27;[90m# com.Magento.StepDefinition.AddToCartStepDefinition.user_selects_the_size_color_quantity_in_search_result_page(io.cucumber.datatable.DataTable)&amp#27;[0m
    | ProductDetails.xlsx |
  &amp#27;[32mAnd &amp#27;[0m&amp#27;[32mUser Click on Add to Cart&amp#27;[0m                                                  &amp#27;[90m# com.Magento.StepDefinition.AddToCartStepDefinition.user_click_on_add_to_cart()&amp#27;[0m
  &amp#27;[32mAnd &amp#27;[0m&amp#27;[32mUser Search for a &amp#27;[0m&amp#27;[32m&amp#27;[1m'men'&amp#27;[0m&amp#27;[32m Product&amp#27;[0m                                            &amp#27;[90m# com.Magento.StepDefinition.AddToCartStepDefinition.user_search_for_a_product(java.lang.String)&amp#27;[0m
  &amp#27;[32mAnd &amp#27;[0m&amp#27;[32mUser Select autosuggestion &amp#27;[0m&amp#27;[32m&amp#27;[1m't-shirt'&amp#27;[0m&amp#27;[32m from List displayed&amp#27;[0m                   &amp#27;[90m# com.Magento.StepDefinition.AddToCartStepDefinition.user_select_autosuggestion_from_list_displayed(java.lang.String)&amp#27;[0m
Gobi HeatTecÂ® Tee
  &amp#27;[32mAnd &amp#27;[0m&amp#27;[32mUser Select Product &amp#27;[0m&amp#27;[32m&amp#27;[1m'Gobi'&amp#27;[0m&amp#27;[32m in nextpage&amp#27;[0m                                     &amp#27;[90m# com.Magento.StepDefinition.AddToCartStepDefinition.user_select_product_in_nextpage(java.lang.String)&amp#27;[0m
S
Orange
2
  &amp#27;[32mAnd &amp#27;[0m&amp#27;[32mUser Selects the Size,Color,Quantity in Search result page&amp#27;[0m                 &amp#27;[90m# com.Magento.StepDefinition.AddToCartStepDefinition.user_selects_the_size_color_quantity_in_search_result_page(io.cucumber.datatable.DataTable)&amp#27;[0m
    | ProductDetails.xlsx |
  &amp#27;[32mAnd &amp#27;[0m&amp#27;[32mUser Click on Add to Cart&amp#27;[0m                                                  &amp#27;[90m# com.Magento.StepDefinition.AddToCartStepDefinition.user_click_on_add_to_cart()&amp#27;[0m
  &amp#27;[32mAnd &amp#27;[0m&amp#27;[32mUser Navigate to the cart page&amp#27;[0m                                             &amp#27;[90m# com.Magento.StepDefinition.AddMultipleProductsStepDefinition.user_navigate_to_the_cart_page()&amp#27;[0m
  &amp#27;[32mAnd &amp#27;[0m&amp#27;[32mUser Verify that the correct products and total price are displayed.&amp#27;[0m       &amp#27;[90m# com.Magento.StepDefinition.AddMultipleProductsStepDefinition.user_verify_that_the_correct_products_and_total_price_are_displayed()&amp#27;[0m
  &amp#27;[32mAnd &amp#27;[0m&amp#27;[32mUser Closes the Browser&amp#27;[0m                                                    &amp#27;[90m# com.Magento.StepDefinition.SigninStepDefinition.user_closes_the_browser()&amp#27;[0m
]]></system-out>
    <system-err><![CDATA[Mar 24, 2025 1:48:07 PM org.openqa.selenium.devtools.CdpVersionFinder findNearestMatch
WARNING: Unable to find CDP implementation matching 134
Mar 24, 2025 1:48:07 PM org.openqa.selenium.chromium.ChromiumDriver lambda$new$5
WARNING: Unable to find version of CDP to use for 134.0.6998.118. You may need to include a dependency on a specific version of the CDP using something similar to `org.seleniumhq.selenium:selenium-devtools-v86:4.19.1` where the version ("v86") matches the version of the chromium-based browser you're using and the version number of the artifact is the same as Selenium's.
]]></system-err>
  </testcase>
  <testcase name="runScenario[&quot;Checkout Process with Valid and Invalid Data Handling&quot;, &quot;Unknown&quot;](1)" classname="com.Magento.TestRunner.MagentoCheckoutTestRunner" time="28.558">
    <system-out><![CDATA[
Scenario Outline: Checkout Process with Valid and Invalid Data Handling         &amp#27;[90m# src/test/resources/com.Magento.Feature/Checkout.feature:24&amp#27;[0m
  &amp#27;[32mGiven &amp#27;[0m&amp#27;[32mUser Opens the Browser&amp#27;[0m                                                  &amp#27;[90m# com.Magento.StepDefinition.UserRegistrationStepDefinition.user_opens_the_browser()&amp#27;[0m
  &amp#27;[32mAnd &amp#27;[0m&amp#27;[32mUser Navigates to the &amp#27;[0m&amp#27;[32m&amp#27;[1m"https://magento.softwaretestingboard.com/"&amp#27;[0m&amp#27;[32m Webpage&amp#27;[0m &amp#27;[90m# com.Magento.StepDefinition.UserRegistrationStepDefinition.user_navigates_to_the_webpage(java.lang.String)&amp#27;[0m
  &amp#27;[32mAnd &amp#27;[0m&amp#27;[32mUser Click the link SignIn in homepage&amp#27;[0m                                    &amp#27;[90m# com.Magento.StepDefinition.SigninStepDefinition.user_click_the_link_sign_in_in_homepage()&amp#27;[0m
sreenivasaashritha406@gmail.com
Sweety2003
  &amp#27;[32mAnd &amp#27;[0m&amp#27;[32mUser Enter the required details to Login&amp#27;[0m                                  &amp#27;[90m# com.Magento.StepDefinition.LogoutStepDefinition.user_enter_the_required_details_to_login(io.cucumber.datatable.DataTable)&amp#27;[0m
    | SignIn Credentials.xlsx |
  &amp#27;[32mAnd &amp#27;[0m&amp#27;[32mUser Clicks on Signin button&amp#27;[0m                                              &amp#27;[90m# com.Magento.StepDefinition.SigninStepDefinition.user_clicks_on_signin_button()&amp#27;[0m
  &amp#27;[32mAnd &amp#27;[0m&amp#27;[32mUser Click Proceed to Checkout on Cart Icon&amp#27;[0m                               &amp#27;[90m# com.Magento.StepDefinition.CheckoutStepDefinition.user_click_proceed_to_checkout_on_cart_icon()&amp#27;[0m
  &amp#27;[32mAnd &amp#27;[0m&amp#27;[32mUser Click on NewAddress&amp#27;[0m                                                  &amp#27;[90m# com.Magento.StepDefinition.CheckoutStepDefinition.user_click_on_new_address()&amp#27;[0m
  &amp#27;[32mWhen &amp#27;[0m&amp#27;[32mUser Enter &amp#27;[0m&amp#27;[32m&amp#27;[1m'25-645-7,Parthasarathi Nagar'&amp#27;[0m&amp#27;[32m Address&amp#27;[0m                        &amp#27;[90m# com.Magento.StepDefinition.CheckoutStepDefinition.user_enter_address(java.lang.String)&amp#27;[0m
  &amp#27;[32mWhen &amp#27;[0m&amp#27;[32mUser Enter &amp#27;[0m&amp#27;[32m&amp#27;[1m'Dharmavaram'&amp#27;[0m&amp#27;[32m City&amp#27;[0m                                            &amp#27;[90m# com.Magento.StepDefinition.CheckoutStepDefinition.user_enter_city(java.lang.String)&amp#27;[0m
  &amp#27;[32mWhen &amp#27;[0m&amp#27;[32mUser Selects &amp#27;[0m&amp#27;[32m&amp#27;[1m'India'&amp#27;[0m&amp#27;[32m Country&amp#27;[0m                                             &amp#27;[90m# com.Magento.StepDefinition.CheckoutStepDefinition.user_selects_country(java.lang.String)&amp#27;[0m
  &amp#27;[32mWhen &amp#27;[0m&amp#27;[32mUser Selects &amp#27;[0m&amp#27;[32m&amp#27;[1m'Andhra Pradesh'&amp#27;[0m&amp#27;[32m State&amp#27;[0m                                      &amp#27;[90m# com.Magento.StepDefinition.CheckoutStepDefinition.user_selects_state(java.lang.String)&amp#27;[0m
  &amp#27;[32mWhen &amp#27;[0m&amp#27;[32mUser Enter invalid &amp#27;[0m&amp#27;[32m&amp#27;[1m'1234'&amp#27;[0m&amp#27;[32m PostalCode&amp#27;[0m                                     &amp#27;[90m# com.Magento.StepDefinition.CheckoutStepDefinition.user_enter_invalid_postal_code(java.lang.String)&amp#27;[0m
  &amp#27;[32mWhen &amp#27;[0m&amp#27;[32mUser Enter &amp#27;[0m&amp#27;[32m&amp#27;[1m'7569366716'&amp#27;[0m&amp#27;[32m MobileNumber&amp#27;[0m                                     &amp#27;[90m# com.Magento.StepDefinition.CheckoutStepDefinition.user_enter_mobile_number(java.lang.String)&amp#27;[0m
  &amp#27;[32mAnd &amp#27;[0m&amp#27;[32mUser Verify Any Error Message&amp#27;[0m                                             &amp#27;[90m# com.Magento.StepDefinition.CheckoutStepDefinition.user_verify_any_error_message()&amp#27;[0m
  &amp#27;[32mWhen &amp#27;[0m&amp#27;[32mUser reenters valid &amp#27;[0m&amp#27;[32m&amp#27;[1m'515671'&amp#27;[0m&amp#27;[32m PostalCode&amp#27;[0m                                  &amp#27;[90m# com.Magento.StepDefinition.CheckoutStepDefinition.user_reenters_valid_postal_code(java.lang.String)&amp#27;[0m
  &amp#27;[32mAnd &amp#27;[0m&amp#27;[32mUser Places Order&amp#27;[0m                                                         &amp#27;[90m# com.Magento.StepDefinition.CheckoutStepDefinition.user_places_order()&amp#27;[0m
  &amp#27;[32mAnd &amp#27;[0m&amp#27;[32mUser Verify order confirmation message is displayed&amp#27;[0m                       &amp#27;[90m# com.Magento.StepDefinition.CheckoutStepDefinition.user_verify_order_confirmation_message_is_displayed()&amp#27;[0m
  &amp#27;[32mAnd &amp#27;[0m&amp#27;[32mUser Closes the Browser&amp#27;[0m                                                   &amp#27;[90m# com.Magento.StepDefinition.SigninStepDefinition.user_closes_the_browser()&amp#27;[0m
]]></system-out>
    <system-err><![CDATA[Mar 24, 2025 1:49:10 PM org.openqa.selenium.devtools.CdpVersionFinder findNearestMatch
WARNING: Unable to find CDP implementation matching 134
Mar 24, 2025 1:49:10 PM org.openqa.selenium.chromium.ChromiumDriver lambda$new$5
WARNING: Unable to find version of CDP to use for 134.0.6998.118. You may need to include a dependency on a specific version of the CDP using something similar to `org.seleniumhq.selenium:selenium-devtools-v86:4.19.1` where the version ("v86") matches the version of the chromium-based browser you're using and the version number of the artifact is the same as Selenium's.
]]></system-err>
  </testcase>
</testsuite>